[0mGET /users/sign-in [32m200[0m 45.930 ms - 2441[0m
[0mGET /users/auth/google [36m302[0m 6.572 ms - 0[0m
[0mGET /users/auth/google/callback?code=4%2F0AdQt8qjARH9IODL-OYw73pAPDjcI9bgUuWkz8eOpzNtdse91iAyugDzqcGdqFo6O7kTsTQ&scope=email+profile+https%3A%2F%2Fwww.googleapis.com%2Fauth%2Fuserinfo.profile+https%3A%2F%2Fwww.googleapis.com%2Fauth%2Fuserinfo.email+openid&authuser=0&prompt=consent [36m302[0m 415.667 ms - 46[0m
[0mGET / [32m200[0m 60.331 ms - 36412[0m
[0mGET /users/sign-out [36m302[0m 17.838 ms - 46[0m
[0mGET / [32m200[0m 38.444 ms - 19274[0m
::1 - - [22/Aug/2022:17:33:45 +0000] "GET /users/sign-in HTTP/1.1" 200 2485 "http://localhost:1200/" "Mozilla/5.0 (Windows NT 10.0; Win64; x64) AppleWebKit/537.36 (KHTML, like Gecko) Chrome/104.0.5112.102 Safari/537.36 Edg/104.0.1293.63"
::1 - - [22/Aug/2022:17:33:49 +0000] "GET /users/sign-in HTTP/1.1" 200 2485 "http://localhost:1200/" "Mozilla/5.0 (Windows NT 10.0; Win64; x64) AppleWebKit/537.36 (KHTML, like Gecko) Chrome/104.0.0.0 Safari/537.36"
::1 - - [22/Aug/2022:17:33:50 +0000] "GET /users/sign-in HTTP/1.1" 304 - "http://localhost:1200/" "Mozilla/5.0 (Windows NT 10.0; Win64; x64) AppleWebKit/537.36 (KHTML, like Gecko) Chrome/104.0.0.0 Safari/537.36"
::1 - - [22/Aug/2022:17:33:50 +0000] "GET /users/sign-in HTTP/1.1" 304 - "http://localhost:1200/" "Mozilla/5.0 (Windows NT 10.0; Win64; x64) AppleWebKit/537.36 (KHTML, like Gecko) Chrome/104.0.0.0 Safari/537.36"
::1 - - [22/Aug/2022:17:33:52 +0000] "GET /users/auth/google HTTP/1.1" 302 0 "http://localhost:1200/users/sign-in" "Mozilla/5.0 (Windows NT 10.0; Win64; x64) AppleWebKit/537.36 (KHTML, like Gecko) Chrome/104.0.0.0 Safari/537.36"
::1 - - [23/Aug/2022:17:48:09 +0000] "GET / HTTP/1.1" 200 12315 "-" "Mozilla/5.0 (Windows NT 10.0; Win64; x64) AppleWebKit/537.36 (KHTML, like Gecko) Chrome/104.0.5112.102 Safari/537.36 Edg/104.0.1293.63"
::1 - - [23/Aug/2022:17:48:10 +0000] "GET /favicon.ico HTTP/1.1" 404 150 "http://localhost:1200/" "Mozilla/5.0 (Windows NT 10.0; Win64; x64) AppleWebKit/537.36 (KHTML, like Gecko) Chrome/104.0.5112.102 Safari/537.36 Edg/104.0.1293.63"
::1 - - [23/Aug/2022:17:48:11 +0000] "GET /users/sign-in HTTP/1.1" 200 2485 "http://localhost:1200/" "Mozilla/5.0 (Windows NT 10.0; Win64; x64) AppleWebKit/537.36 (KHTML, like Gecko) Chrome/104.0.5112.102 Safari/537.36 Edg/104.0.1293.63"
::1 - - [23/Aug/2022:17:48:13 +0000] "GET /users/auth/google HTTP/1.1" 302 0 "http://localhost:1200/users/sign-in" "Mozilla/5.0 (Windows NT 10.0; Win64; x64) AppleWebKit/537.36 (KHTML, like Gecko) Chrome/104.0.5112.102 Safari/537.36 Edg/104.0.1293.63"
::1 - - [23/Aug/2022:17:50:00 +0000] "GET / HTTP/1.1" 304 - "-" "Mozilla/5.0 (Windows NT 10.0; Win64; x64) AppleWebKit/537.36 (KHTML, like Gecko) Chrome/104.0.5112.102 Safari/537.36 Edg/104.0.1293.63"
::1 - - [23/Aug/2022:17:50:01 +0000] "GET /users/sign-in HTTP/1.1" 304 - "http://localhost:1200/" "Mozilla/5.0 (Windows NT 10.0; Win64; x64) AppleWebKit/537.36 (KHTML, like Gecko) Chrome/104.0.5112.102 Safari/537.36 Edg/104.0.1293.63"
::1 - - [23/Aug/2022:17:50:03 +0000] "GET /users/auth/google HTTP/1.1" 302 0 "http://localhost:1200/users/sign-in" "Mozilla/5.0 (Windows NT 10.0; Win64; x64) AppleWebKit/537.36 (KHTML, like Gecko) Chrome/104.0.5112.102 Safari/537.36 Edg/104.0.1293.63"
::1 - - [25/Aug/2022:12:19:45 +0000] "GET / HTTP/1.1" 304 - "-" "Mozilla/5.0 (Windows NT 10.0; Win64; x64) AppleWebKit/537.36 (KHTML, like Gecko) Chrome/104.0.5112.102 Safari/537.36 Edg/104.0.1293.63"
::1 - - [25/Aug/2022:12:19:45 +0000] "GET /favicon.ico HTTP/1.1" 404 150 "http://localhost:1200/" "Mozilla/5.0 (Windows NT 10.0; Win64; x64) AppleWebKit/537.36 (KHTML, like Gecko) Chrome/104.0.5112.102 Safari/537.36 Edg/104.0.1293.63"
::1 - - [25/Aug/2022:12:19:47 +0000] "GET /users/sign-in HTTP/1.1" 304 - "http://localhost:1200/" "Mozilla/5.0 (Windows NT 10.0; Win64; x64) AppleWebKit/537.36 (KHTML, like Gecko) Chrome/104.0.5112.102 Safari/537.36 Edg/104.0.1293.63"
::1 - - [25/Aug/2022:12:19:48 +0000] "POST /users/create-session HTTP/1.1" 302 46 "http://localhost:1200/users/sign-in" "Mozilla/5.0 (Windows NT 10.0; Win64; x64) AppleWebKit/537.36 (KHTML, like Gecko) Chrome/104.0.5112.102 Safari/537.36 Edg/104.0.1293.63"
::1 - - [25/Aug/2022:12:19:49 +0000] "GET / HTTP/1.1" 200 23165 "http://localhost:1200/users/sign-in" "Mozilla/5.0 (Windows NT 10.0; Win64; x64) AppleWebKit/537.36 (KHTML, like Gecko) Chrome/104.0.5112.102 Safari/537.36 Edg/104.0.1293.63"
::1 - - [25/Aug/2022:12:19:51 +0000] "GET /posts/destroy/63025974d5cee6d9e40da52a HTTP/1.1" 200 71 "http://localhost:1200/" "Mozilla/5.0 (Windows NT 10.0; Win64; x64) AppleWebKit/537.36 (KHTML, like Gecko) Chrome/104.0.5112.102 Safari/537.36 Edg/104.0.1293.63"
::1 - - [25/Aug/2022:12:19:54 +0000] "GET /users/sign-out HTTP/1.1" 302 46 "http://localhost:1200/" "Mozilla/5.0 (Windows NT 10.0; Win64; x64) AppleWebKit/537.36 (KHTML, like Gecko) Chrome/104.0.5112.102 Safari/537.36 Edg/104.0.1293.63"
::1 - - [25/Aug/2022:12:19:54 +0000] "GET / HTTP/1.1" 200 11065 "http://localhost:1200/" "Mozilla/5.0 (Windows NT 10.0; Win64; x64) AppleWebKit/537.36 (KHTML, like Gecko) Chrome/104.0.5112.102 Safari/537.36 Edg/104.0.1293.63"
